[C] started listening on port 5000
[C] Exception caught: null
[C] Stack trace: [Ljava.lang.StackTraceElement;@3a03464
[C] JOIN received from 6000
[C] Exception caught: null
[C] Stack trace: [Ljava.lang.StackTraceElement;@617c74e5
[C] started listening on port 5000
[C] Exception caught: null
[C] Stack trace: [Ljava.lang.StackTraceElement;@6537cf78
[C] JOIN received from 7000
[C] Exception caught: null
[C] Stack trace: [Ljava.lang.StackTraceElement;@67b6d4ae
[C] started listening on port 5000
[C] Exception caught: null
[C] Stack trace: [Ljava.lang.StackTraceElement;@34b7bfc0
[C] JOIN received from 8000
[C] Exception caught: null
[C] Stack trace: [Ljava.lang.StackTraceElement;@366e2eef
[C] accepted connection from port 6000
[C] Exception caught: null
[C] Stack trace: [Ljava.lang.StackTraceElement;@32e6e9c3
[C] message sent to 6000: "DETAILS 6000 7000 8000 "
[C] Exception caught: null
[C] Stack trace: [Ljava.lang.StackTraceElement;@5dfcfece
[C] accepted connection from port 7000
[C] Exception caught: null
[C] Stack trace: [Ljava.lang.StackTraceElement;@23ceabc1
[C] message sent to 7000: "DETAILS 6000 7000 8000 "
[C] Exception caught: null
[C] Stack trace: [Ljava.lang.StackTraceElement;@5d5eef3d
[C] accepted connection from port 8000
[C] Exception caught: null
[C] Stack trace: [Ljava.lang.StackTraceElement;@56f4468b
[C] message sent to 8000: "DETAILS 6000 7000 8000 "
[C] Exception caught: null
[C] Stack trace: [Ljava.lang.StackTraceElement;@6cc4c815
[C] details sent to 5000: 6000, 7000, 8000
[C] Exception caught: null
[C] Stack trace: [Ljava.lang.StackTraceElement;@2a2d45ba
[C] accepted connection from port 6000
[C] Exception caught: null
[C] Stack trace: [Ljava.lang.StackTraceElement;@2a5ca609
[C] message sent to 6000: "VOTE_OPTIONS A B C "
[C] Exception caught: null
[C] Stack trace: [Ljava.lang.StackTraceElement;@20e2cbe0
[C] accepted connection from port 7000
[C] Exception caught: null
[C] Stack trace: [Ljava.lang.StackTraceElement;@68be2bc2
[C] message sent to 7000: "VOTE_OPTIONS A B C "
[C] Exception caught: null
[C] Stack trace: [Ljava.lang.StackTraceElement;@28feb3fa
[C] accepted connection from port 8000
[C] Exception caught: null
[C] Stack trace: [Ljava.lang.StackTraceElement;@675d3402
[C] message sent to 8000: "VOTE_OPTIONS A B C "
[C] Exception caught: null
[C] Stack trace: [Ljava.lang.StackTraceElement;@51565ec2
[C] vote options sent to 5000: A, B, C
[C] Exception caught: null
[C] Stack trace: [Ljava.lang.StackTraceElement;@1593948d
