[P1796532608] connection established to port 5000
[P1796532608] Exception caught: null
[P1796532608] Stack trace: [Ljava.lang.StackTraceElement;@97e1986
[P1796532608] JOIN sent to Coordinator on port 5000
[P1796532608] Exception caught: null
[P1796532608] Stack trace: [Ljava.lang.StackTraceElement;@32e6e9c3
[P1796532608] connection established to port 8000
[P1796532608] Exception caught: null
[P1796532608] Stack trace: [Ljava.lang.StackTraceElement;@5056dfcb
[P1796532608] started listening on port 1796532608
[P1796532608] Exception caught: null
[P1796532608] Stack trace: [Ljava.lang.StackTraceElement;@6574b225
[P1796532608] received participant ports: 6000, 7000, 8000
[P1796532608] Exception caught: null
[P1796532608] Stack trace: [Ljava.lang.StackTraceElement;@66d2e7d9
[P1796532608] connection established to port 8000
[P1796532608] Exception caught: null
[P1796532608] Stack trace: [Ljava.lang.StackTraceElement;@1efbd816
[P1796532608] started listening on port 1796532608
[P1796532608] Exception caught: null
[P1796532608] Stack trace: [Ljava.lang.StackTraceElement;@6a2bcfcb
[P1796532608] received vote options: A, B, C
[P1796532608] Exception caught: null
[P1796532608] Stack trace: [Ljava.lang.StackTraceElement;@3c756e4d
[P1796532608] begin round 1
[P1796532608] Exception caught: null
[P1796532608] Stack trace: [Ljava.lang.StackTraceElement;@402f32ff
[P1796532608] end round 1
[P1796532608] Exception caught: null
[P1796532608] Stack trace: [Ljava.lang.StackTraceElement;@573f2bb1
[P1796532608] begin round 2
[P1796532608] Exception caught: null
[P1796532608] Stack trace: [Ljava.lang.StackTraceElement;@5ae9a829
