[P1796528762] connection established to port 5000
[P1796528762] Exception caught: null
[P1796528762] Stack trace: [Ljava.lang.StackTraceElement;@97e1986
[P1796528762] JOIN sent to Coordinator on port 5000
[P1796528762] Exception caught: null
[P1796528762] Stack trace: [Ljava.lang.StackTraceElement;@32e6e9c3
[P1796528762] connection established to port 7000
[P1796528762] Exception caught: null
[P1796528762] Stack trace: [Ljava.lang.StackTraceElement;@2344fc66
[P1796528762] started listening on port 1796528762
[P1796528762] Exception caught: null
[P1796528762] Stack trace: [Ljava.lang.StackTraceElement;@458ad742
[P1796528762] received participant ports: 6000, 7000, 8000
[P1796528762] Exception caught: null
[P1796528762] Stack trace: [Ljava.lang.StackTraceElement;@4de8b406
[P1796528762] connection established to port 7000
[P1796528762] Exception caught: null
[P1796528762] Stack trace: [Ljava.lang.StackTraceElement;@3c756e4d
[P1796528762] started listening on port 1796528762
[P1796528762] Exception caught: null
[P1796528762] Stack trace: [Ljava.lang.StackTraceElement;@7c0e2abd
[P1796528762] received vote options: A, B, C
[P1796528762] Exception caught: null
[P1796528762] Stack trace: [Ljava.lang.StackTraceElement;@402f32ff
[P1796528762] begin round 1
[P1796528762] Exception caught: null
[P1796528762] Stack trace: [Ljava.lang.StackTraceElement;@6d8a00e3
[P1796528762] message sent to 6000: "VOTE 7000 A"
[P1796528762] Exception caught: null
[P1796528762] Stack trace: [Ljava.lang.StackTraceElement;@5dc668b
[P1796528762] message sent to 6000: "VOTE 7000 A"
[P1796528762] Exception caught: null
[P1796528762] Stack trace: [Ljava.lang.StackTraceElement;@71676562
[P1796528762] end round 1
[P1796528762] Exception caught: null
[P1796528762] Stack trace: [Ljava.lang.StackTraceElement;@548b7f67
[P1796528762] begin round 2
[P1796528762] Exception caught: null
[P1796528762] Stack trace: [Ljava.lang.StackTraceElement;@7ac7a4e4
[P1796528762] message sent to 6000: "VOTE 7000 A"
[P1796528762] Exception caught: null
[P1796528762] Stack trace: [Ljava.lang.StackTraceElement;@10a5504d
